<?xml version="1.0" encoding="UTF-8"?>
<!-- Generated by org.testng.reporters.JUnitXMLReporter -->
<testsuite ignored="0" hostname="DESKTOP-095J8O1" failures="1" tests="1" name="Surefire test" time="3.14" errors="0" timestamp="2025-02-22T11:11:16 WIB">
  <testcase classname="scenario.RestE2ETest" name="scenarioE2E" time="3.09">
    <failure type="java.lang.RuntimeException" message="com.fasterxml.jackson.databind.exc.UnrecognizedPropertyException: Unrecognized field &amp;quot;timestamp&amp;quot; (class com.example.model.ResponseItem), not marked as ignorable (5 known properties: &amp;quot;data&amp;quot;, &amp;quot;name&amp;quot;, &amp;quot;updatedAt&amp;quot;, &amp;quot;id&amp;quot;, &amp;quot;createdAt&amp;quot;])
 at [Source: (String)&amp;quot;{&amp;quot;timestamp&amp;quot;:&amp;quot;2025-02-22T04:11:16.916+00:00&amp;quot;,&amp;quot;status&amp;quot;:405,&amp;quot;error&amp;quot;:&amp;quot;Method Not Allowed&amp;quot;,&amp;quot;path&amp;quot;:&amp;quot;/objects/add&amp;quot;}&amp;quot;; line: 1, column: 15] (through reference chain: com.example.model.ResponseItem[&amp;quot;timestamp&amp;quot;])">
      <![CDATA[java.lang.RuntimeException: com.fasterxml.jackson.databind.exc.UnrecognizedPropertyException: Unrecognized field "timestamp" (class com.example.model.ResponseItem), not marked as ignorable (5 known properties: "data", "name", "updatedAt", "id", "createdAt"])
 at [Source: (String)"{"timestamp":"2025-02-22T04:11:16.916+00:00","status":405,"error":"Method Not Allowed","path":"/objects/add"}"; line: 1, column: 15] (through reference chain: com.example.model.ResponseItem["timestamp"])
at io.restassured.internal.path.json.mapping.JsonPathJackson2ObjectDeserializer.deserialize(JsonPathJackson2ObjectDeserializer.java:30)
at io.restassured.internal.path.json.mapping.JsonObjectDeserializer.deserializeWithJackson2(JsonObjectDeserializer.java:93)
at io.restassured.internal.path.json.mapping.JsonObjectDeserializer.deserialize(JsonObjectDeserializer.java:53)
at io.restassured.path.json.JsonPath.jsonStringToObject(JsonPath.java:1093)
at io.restassured.path.json.JsonPath.getObject(JsonPath.java:560)
at scenario.RestE2ETest.scenarioE2E(RestE2ETest.java:48)
at java.base/java.util.ArrayList.forEach(ArrayList.java:1597)
Caused by: com.fasterxml.jackson.databind.exc.UnrecognizedPropertyException: Unrecognized field "timestamp" (class com.example.model.ResponseItem), not marked as ignorable (5 known properties: "data", "name", "updatedAt", "id", "createdAt"])
 at [Source: (String)"{"timestamp":"2025-02-22T04:11:16.916+00:00","status":405,"error":"Method Not Allowed","path":"/objects/add"}"; line: 1, column: 15] (through reference chain: com.example.model.ResponseItem["timestamp"])
at com.fasterxml.jackson.databind.exc.UnrecognizedPropertyException.from(UnrecognizedPropertyException.java:61)
at com.fasterxml.jackson.databind.DeserializationContext.handleUnknownProperty(DeserializationContext.java:1138)
at com.fasterxml.jackson.databind.deser.std.StdDeserializer.handleUnknownProperty(StdDeserializer.java:2224)
at com.fasterxml.jackson.databind.deser.BeanDeserializerBase.handleUnknownProperty(BeanDeserializerBase.java:1709)
at com.fasterxml.jackson.databind.deser.BeanDeserializerBase.handleUnknownVanilla(BeanDeserializerBase.java:1687)
at com.fasterxml.jackson.databind.deser.BeanDeserializer.vanillaDeserialize(BeanDeserializer.java:320)
at com.fasterxml.jackson.databind.deser.BeanDeserializer.deserialize(BeanDeserializer.java:177)
at com.fasterxml.jackson.databind.deser.DefaultDeserializationContext.readRootValue(DefaultDeserializationContext.java:323)
at com.fasterxml.jackson.databind.ObjectMapper._readMapAndClose(ObjectMapper.java:4825)
at com.fasterxml.jackson.databind.ObjectMapper.readValue(ObjectMapper.java:3772)
at io.restassured.internal.path.json.mapping.JsonPathJackson2ObjectDeserializer.deserialize(JsonPathJackson2ObjectDeserializer.java:28)
... 36 more
... Removed 30 stack frames]]>
    </failure>
  </testcase> <!-- scenarioE2E -->
</testsuite> <!-- Surefire test -->
