<?xml version="1.0" encoding="UTF-8"?>
<!-- Generated by org.testng.reporters.JUnitXMLReporter -->
<testsuite ignored="0" hostname="DESKTOP-095J8O1" failures="6" tests="7" name="Surefire test" time="4.08" errors="0" timestamp="2025-02-22T00:44:20 WIB">
  <testcase classname="restassured.ValidationTest" name="addObjects" time="2.414">
    <failure type="java.lang.RuntimeException" message="com.fasterxml.jackson.databind.exc.UnrecognizedPropertyException: Unrecognized field &amp;quot;timestamp&amp;quot; (class com.example.model.ResponseItem), not marked as ignorable (5 known properties: &amp;quot;data&amp;quot;, &amp;quot;name&amp;quot;, &amp;quot;updatedAt&amp;quot;, &amp;quot;id&amp;quot;, &amp;quot;createdAt&amp;quot;])
 at [Source: (String)&amp;quot;{&amp;quot;timestamp&amp;quot;:&amp;quot;2025-02-21T17:44:18.468+00:00&amp;quot;,&amp;quot;status&amp;quot;:405,&amp;quot;error&amp;quot;:&amp;quot;Method Not Allowed&amp;quot;,&amp;quot;path&amp;quot;:&amp;quot;/objects/add&amp;quot;}&amp;quot;; line: 1, column: 15] (through reference chain: com.example.model.ResponseItem[&amp;quot;timestamp&amp;quot;])">
      <![CDATA[java.lang.RuntimeException: com.fasterxml.jackson.databind.exc.UnrecognizedPropertyException: Unrecognized field "timestamp" (class com.example.model.ResponseItem), not marked as ignorable (5 known properties: "data", "name", "updatedAt", "id", "createdAt"])
 at [Source: (String)"{"timestamp":"2025-02-21T17:44:18.468+00:00","status":405,"error":"Method Not Allowed","path":"/objects/add"}"; line: 1, column: 15] (through reference chain: com.example.model.ResponseItem["timestamp"])
at io.restassured.internal.path.json.mapping.JsonPathJackson2ObjectDeserializer.deserialize(JsonPathJackson2ObjectDeserializer.java:30)
at io.restassured.internal.path.json.mapping.JsonObjectDeserializer.deserializeWithJackson2(JsonObjectDeserializer.java:93)
at io.restassured.internal.path.json.mapping.JsonObjectDeserializer.deserialize(JsonObjectDeserializer.java:53)
at io.restassured.path.json.JsonPath.jsonStringToObject(JsonPath.java:1093)
at io.restassured.path.json.JsonPath.getObject(JsonPath.java:560)
at restassured.ValidationTest.addObjects(ValidationTest.java:49)
at java.base/java.util.ArrayList.forEach(ArrayList.java:1597)
Caused by: com.fasterxml.jackson.databind.exc.UnrecognizedPropertyException: Unrecognized field "timestamp" (class com.example.model.ResponseItem), not marked as ignorable (5 known properties: "data", "name", "updatedAt", "id", "createdAt"])
 at [Source: (String)"{"timestamp":"2025-02-21T17:44:18.468+00:00","status":405,"error":"Method Not Allowed","path":"/objects/add"}"; line: 1, column: 15] (through reference chain: com.example.model.ResponseItem["timestamp"])
at com.fasterxml.jackson.databind.exc.UnrecognizedPropertyException.from(UnrecognizedPropertyException.java:61)
at com.fasterxml.jackson.databind.DeserializationContext.handleUnknownProperty(DeserializationContext.java:1138)
at com.fasterxml.jackson.databind.deser.std.StdDeserializer.handleUnknownProperty(StdDeserializer.java:2224)
at com.fasterxml.jackson.databind.deser.BeanDeserializerBase.handleUnknownProperty(BeanDeserializerBase.java:1709)
at com.fasterxml.jackson.databind.deser.BeanDeserializerBase.handleUnknownVanilla(BeanDeserializerBase.java:1687)
at com.fasterxml.jackson.databind.deser.BeanDeserializer.vanillaDeserialize(BeanDeserializer.java:320)
at com.fasterxml.jackson.databind.deser.BeanDeserializer.deserialize(BeanDeserializer.java:177)
at com.fasterxml.jackson.databind.deser.DefaultDeserializationContext.readRootValue(DefaultDeserializationContext.java:323)
at com.fasterxml.jackson.databind.ObjectMapper._readMapAndClose(ObjectMapper.java:4825)
at com.fasterxml.jackson.databind.ObjectMapper.readValue(ObjectMapper.java:3772)
at io.restassured.internal.path.json.mapping.JsonPathJackson2ObjectDeserializer.deserialize(JsonPathJackson2ObjectDeserializer.java:28)
... 36 more
... Removed 30 stack frames]]>
    </failure>
  </testcase> <!-- addObjects -->
  <testcase classname="restassured.ValidationTest" name="deleteObjects" time="0.205">
    <failure type="java.lang.RuntimeException" message="com.fasterxml.jackson.databind.exc.UnrecognizedPropertyException: Unrecognized field &amp;quot;error&amp;quot; (class com.example.model.ResponseItem), not marked as ignorable (5 known properties: &amp;quot;data&amp;quot;, &amp;quot;name&amp;quot;, &amp;quot;updatedAt&amp;quot;, &amp;quot;id&amp;quot;, &amp;quot;createdAt&amp;quot;])
 at [Source: (String)&amp;quot;{&amp;quot;error&amp;quot;:&amp;quot;7 is a reserved id and the data object of it cannot be deleted. You can create your own new object via POST request and try to send a DELETE request with new generated object id.&amp;quot;}&amp;quot;; line: 1, column: 11] (through reference chain: com.example.model.ResponseItem[&amp;quot;error&amp;quot;])">
      <![CDATA[java.lang.RuntimeException: com.fasterxml.jackson.databind.exc.UnrecognizedPropertyException: Unrecognized field "error" (class com.example.model.ResponseItem), not marked as ignorable (5 known properties: "data", "name", "updatedAt", "id", "createdAt"])
 at [Source: (String)"{"error":"7 is a reserved id and the data object of it cannot be deleted. You can create your own new object via POST request and try to send a DELETE request with new generated object id."}"; line: 1, column: 11] (through reference chain: com.example.model.ResponseItem["error"])
at io.restassured.internal.path.json.mapping.JsonPathJackson2ObjectDeserializer.deserialize(JsonPathJackson2ObjectDeserializer.java:30)
at io.restassured.internal.path.json.mapping.JsonObjectDeserializer.deserializeWithJackson2(JsonObjectDeserializer.java:93)
at io.restassured.internal.path.json.mapping.JsonObjectDeserializer.deserialize(JsonObjectDeserializer.java:53)
at io.restassured.path.json.JsonPath.jsonStringToObject(JsonPath.java:1093)
at io.restassured.path.json.JsonPath.getObject(JsonPath.java:560)
at restassured.ValidationTest.deleteObjects(ValidationTest.java:244)
at java.base/java.util.ArrayList.forEach(ArrayList.java:1597)
Caused by: com.fasterxml.jackson.databind.exc.UnrecognizedPropertyException: Unrecognized field "error" (class com.example.model.ResponseItem), not marked as ignorable (5 known properties: "data", "name", "updatedAt", "id", "createdAt"])
 at [Source: (String)"{"error":"7 is a reserved id and the data object of it cannot be deleted. You can create your own new object via POST request and try to send a DELETE request with new generated object id."}"; line: 1, column: 11] (through reference chain: com.example.model.ResponseItem["error"])
at com.fasterxml.jackson.databind.exc.UnrecognizedPropertyException.from(UnrecognizedPropertyException.java:61)
at com.fasterxml.jackson.databind.DeserializationContext.handleUnknownProperty(DeserializationContext.java:1138)
at com.fasterxml.jackson.databind.deser.std.StdDeserializer.handleUnknownProperty(StdDeserializer.java:2224)
at com.fasterxml.jackson.databind.deser.BeanDeserializerBase.handleUnknownProperty(BeanDeserializerBase.java:1709)
at com.fasterxml.jackson.databind.deser.BeanDeserializerBase.handleUnknownVanilla(BeanDeserializerBase.java:1687)
at com.fasterxml.jackson.databind.deser.BeanDeserializer.vanillaDeserialize(BeanDeserializer.java:320)
at com.fasterxml.jackson.databind.deser.BeanDeserializer.deserialize(BeanDeserializer.java:177)
at com.fasterxml.jackson.databind.deser.DefaultDeserializationContext.readRootValue(DefaultDeserializationContext.java:323)
at com.fasterxml.jackson.databind.ObjectMapper._readMapAndClose(ObjectMapper.java:4825)
at com.fasterxml.jackson.databind.ObjectMapper.readValue(ObjectMapper.java:3772)
at io.restassured.internal.path.json.mapping.JsonPathJackson2ObjectDeserializer.deserialize(JsonPathJackson2ObjectDeserializer.java:28)
... 36 more
... Removed 30 stack frames]]>
    </failure>
  </testcase> <!-- deleteObjects -->
  <testcase classname="restassured.ValidationTest" name="getAllObjects" time="0.213">
    <failure type="java.lang.RuntimeException" message="com.fasterxml.jackson.databind.exc.MismatchedInputException: Cannot deserialize value of type `com.example.model.ResponseItem` from Array value (token `JsonToken.START_ARRAY`)
 at [Source: (String)&amp;quot;[{&amp;quot;id&amp;quot;:&amp;quot;1&amp;quot;,&amp;quot;name&amp;quot;:&amp;quot;Google Pixel 6 Pro&amp;quot;,&amp;quot;data&amp;quot;:{&amp;quot;color&amp;quot;:&amp;quot;Cloudy White&amp;quot;,&amp;quot;capacity&amp;quot;:&amp;quot;128 GB&amp;quot;}},{&amp;quot;id&amp;quot;:&amp;quot;2&amp;quot;,&amp;quot;name&amp;quot;:&amp;quot;Apple iPhone 12 Mini, 256GB, Blue&amp;quot;,&amp;quot;data&amp;quot;:null},{&amp;quot;id&amp;quot;:&amp;quot;3&amp;quot;,&amp;quot;name&amp;quot;:&amp;quot;Apple iPhone 12 Pro Max&amp;quot;,&amp;quot;data&amp;quot;:{&amp;quot;color&amp;quot;:&amp;quot;Cloudy White&amp;quot;,&amp;quot;capacity GB&amp;quot;:512}},{&amp;quot;id&amp;quot;:&amp;quot;4&amp;quot;,&amp;quot;name&amp;quot;:&amp;quot;Apple iPhone 11, 64GB&amp;quot;,&amp;quot;data&amp;quot;:{&amp;quot;price&amp;quot;:389.99,&amp;quot;color&amp;quot;:&amp;quot;Purple&amp;quot;}},{&amp;quot;id&amp;quot;:&amp;quot;5&amp;quot;,&amp;quot;name&amp;quot;:&amp;quot;Samsung Galaxy Z Fold2&amp;quot;,&amp;quot;data&amp;quot;:{&amp;quot;price&amp;quot;:689.99,&amp;quot;color&amp;quot;:&amp;quot;Brown&amp;quot;}},{&amp;quot;id&amp;quot;:&amp;quot;6&amp;quot;,&amp;quot;name&amp;quot;:&amp;quot;Apple AirPods&amp;quot;,&amp;quot;data&amp;quot;:{&amp;quot;generation&amp;quot;:&amp;quot;3rd&amp;quot;,&amp;quot;price&amp;quot;:120}},{&amp;quot;id&amp;quot;:&amp;quot;7&amp;quot;[truncated 739 chars]; line: 1, column: 1]">
      <![CDATA[java.lang.RuntimeException: com.fasterxml.jackson.databind.exc.MismatchedInputException: Cannot deserialize value of type `com.example.model.ResponseItem` from Array value (token `JsonToken.START_ARRAY`)
 at [Source: (String)"[{"id":"1","name":"Google Pixel 6 Pro","data":{"color":"Cloudy White","capacity":"128 GB"}},{"id":"2","name":"Apple iPhone 12 Mini, 256GB, Blue","data":null},{"id":"3","name":"Apple iPhone 12 Pro Max","data":{"color":"Cloudy White","capacity GB":512}},{"id":"4","name":"Apple iPhone 11, 64GB","data":{"price":389.99,"color":"Purple"}},{"id":"5","name":"Samsung Galaxy Z Fold2","data":{"price":689.99,"color":"Brown"}},{"id":"6","name":"Apple AirPods","data":{"generation":"3rd","price":120}},{"id":"7"[truncated 739 chars]; line: 1, column: 1]
at io.restassured.internal.path.json.mapping.JsonPathJackson2ObjectDeserializer.deserialize(JsonPathJackson2ObjectDeserializer.java:30)
at io.restassured.internal.path.json.mapping.JsonObjectDeserializer.deserializeWithJackson2(JsonObjectDeserializer.java:93)
at io.restassured.internal.path.json.mapping.JsonObjectDeserializer.deserialize(JsonObjectDeserializer.java:53)
at io.restassured.path.json.JsonPath.jsonStringToObject(JsonPath.java:1093)
at io.restassured.path.json.JsonPath.getObject(JsonPath.java:560)
at restassured.ValidationTest.getAllObjects(ValidationTest.java:147)
at java.base/java.util.ArrayList.forEach(ArrayList.java:1597)
Caused by: com.fasterxml.jackson.databind.exc.MismatchedInputException: Cannot deserialize value of type `com.example.model.ResponseItem` from Array value (token `JsonToken.START_ARRAY`)
 at [Source: (String)"[{"id":"1","name":"Google Pixel 6 Pro","data":{"color":"Cloudy White","capacity":"128 GB"}},{"id":"2","name":"Apple iPhone 12 Mini, 256GB, Blue","data":null},{"id":"3","name":"Apple iPhone 12 Pro Max","data":{"color":"Cloudy White","capacity GB":512}},{"id":"4","name":"Apple iPhone 11, 64GB","data":{"price":389.99,"color":"Purple"}},{"id":"5","name":"Samsung Galaxy Z Fold2","data":{"price":689.99,"color":"Brown"}},{"id":"6","name":"Apple AirPods","data":{"generation":"3rd","price":120}},{"id":"7"[truncated 739 chars]; line: 1, column: 1]
at com.fasterxml.jackson.databind.exc.MismatchedInputException.from(MismatchedInputException.java:59)
at com.fasterxml.jackson.databind.DeserializationContext.reportInputMismatch(DeserializationContext.java:1752)
at com.fasterxml.jackson.databind.DeserializationContext.handleUnexpectedToken(DeserializationContext.java:1526)
at com.fasterxml.jackson.databind.DeserializationContext.handleUnexpectedToken(DeserializationContext.java:1473)
at com.fasterxml.jackson.databind.deser.BeanDeserializer._deserializeFromArray(BeanDeserializer.java:654)
at com.fasterxml.jackson.databind.deser.BeanDeserializer._deserializeOther(BeanDeserializer.java:211)
at com.fasterxml.jackson.databind.deser.BeanDeserializer.deserialize(BeanDeserializer.java:187)
at com.fasterxml.jackson.databind.deser.DefaultDeserializationContext.readRootValue(DefaultDeserializationContext.java:323)
at com.fasterxml.jackson.databind.ObjectMapper._readMapAndClose(ObjectMapper.java:4825)
at com.fasterxml.jackson.databind.ObjectMapper.readValue(ObjectMapper.java:3772)
at io.restassured.internal.path.json.mapping.JsonPathJackson2ObjectDeserializer.deserialize(JsonPathJackson2ObjectDeserializer.java:28)
... 36 more
... Removed 30 stack frames]]>
    </failure>
  </testcase> <!-- getAllObjects -->
  <testcase classname="restassured.ValidationTest" name="getListObjects" time="0.598">
    <failure type="java.lang.RuntimeException" message="com.fasterxml.jackson.databind.exc.UnrecognizedPropertyException: Unrecognized field &amp;quot;Strap Colour&amp;quot; (class com.example.model.ResponseItem$dataItem), not marked as ignorable (5 known properties: &amp;quot;generation&amp;quot;, &amp;quot;price&amp;quot;, &amp;quot;year&amp;quot;, &amp;quot;Hard disk size&amp;quot;, &amp;quot;CPU model&amp;quot;])
 at [Source: (String)&amp;quot;{&amp;quot;id&amp;quot;:&amp;quot;8&amp;quot;,&amp;quot;name&amp;quot;:&amp;quot;Apple Watch Series 8&amp;quot;,&amp;quot;data&amp;quot;:{&amp;quot;Strap Colour&amp;quot;:&amp;quot;Elderberry&amp;quot;,&amp;quot;Case Size&amp;quot;:&amp;quot;41mm&amp;quot;}}&amp;quot;; line: 1, column: 65] (through reference chain: com.example.model.ResponseItem[&amp;quot;data&amp;quot;]-&amp;gt;com.example.model.ResponseItem$dataItem[&amp;quot;Strap Colour&amp;quot;])">
      <![CDATA[java.lang.RuntimeException: com.fasterxml.jackson.databind.exc.UnrecognizedPropertyException: Unrecognized field "Strap Colour" (class com.example.model.ResponseItem$dataItem), not marked as ignorable (5 known properties: "generation", "price", "year", "Hard disk size", "CPU model"])
 at [Source: (String)"{"id":"8","name":"Apple Watch Series 8","data":{"Strap Colour":"Elderberry","Case Size":"41mm"}}"; line: 1, column: 65] (through reference chain: com.example.model.ResponseItem["data"]->com.example.model.ResponseItem$dataItem["Strap Colour"])
at io.restassured.internal.path.json.mapping.JsonPathJackson2ObjectDeserializer.deserialize(JsonPathJackson2ObjectDeserializer.java:30)
at io.restassured.internal.path.json.mapping.JsonObjectDeserializer.deserializeWithJackson2(JsonObjectDeserializer.java:93)
at io.restassured.internal.path.json.mapping.JsonObjectDeserializer.deserialize(JsonObjectDeserializer.java:53)
at io.restassured.path.json.JsonPath.jsonStringToObject(JsonPath.java:1093)
at io.restassured.path.json.JsonPath.getObject(JsonPath.java:560)
at restassured.ValidationTest.getListObjects(ValidationTest.java:109)
at java.base/java.util.ArrayList.forEach(ArrayList.java:1597)
Caused by: com.fasterxml.jackson.databind.exc.UnrecognizedPropertyException: Unrecognized field "Strap Colour" (class com.example.model.ResponseItem$dataItem), not marked as ignorable (5 known properties: "generation", "price", "year", "Hard disk size", "CPU model"])
 at [Source: (String)"{"id":"8","name":"Apple Watch Series 8","data":{"Strap Colour":"Elderberry","Case Size":"41mm"}}"; line: 1, column: 65] (through reference chain: com.example.model.ResponseItem["data"]->com.example.model.ResponseItem$dataItem["Strap Colour"])
at com.fasterxml.jackson.databind.exc.UnrecognizedPropertyException.from(UnrecognizedPropertyException.java:61)
at com.fasterxml.jackson.databind.DeserializationContext.handleUnknownProperty(DeserializationContext.java:1138)
at com.fasterxml.jackson.databind.deser.std.StdDeserializer.handleUnknownProperty(StdDeserializer.java:2224)
at com.fasterxml.jackson.databind.deser.BeanDeserializerBase.handleUnknownProperty(BeanDeserializerBase.java:1709)
at com.fasterxml.jackson.databind.deser.BeanDeserializerBase.handleUnknownVanilla(BeanDeserializerBase.java:1687)
at com.fasterxml.jackson.databind.deser.BeanDeserializer.deserialize(BeanDeserializer.java:284)
at com.fasterxml.jackson.databind.deser.impl.InnerClassProperty.deserializeAndSet(InnerClassProperty.java:90)
at com.fasterxml.jackson.databind.deser.BeanDeserializer.vanillaDeserialize(BeanDeserializer.java:314)
at com.fasterxml.jackson.databind.deser.BeanDeserializer.deserialize(BeanDeserializer.java:177)
at com.fasterxml.jackson.databind.deser.DefaultDeserializationContext.readRootValue(DefaultDeserializationContext.java:323)
at com.fasterxml.jackson.databind.ObjectMapper._readMapAndClose(ObjectMapper.java:4825)
at com.fasterxml.jackson.databind.ObjectMapper.readValue(ObjectMapper.java:3772)
at io.restassured.internal.path.json.mapping.JsonPathJackson2ObjectDeserializer.deserialize(JsonPathJackson2ObjectDeserializer.java:28)
... 36 more
... Removed 30 stack frames]]>
    </failure>
  </testcase> <!-- getListObjects -->
  <testcase classname="restassured.ValidationTest" name="getSingleObjects" time="0.193"/>
  <testcase classname="restassured.ValidationTest" name="partiallyUpdateObjects" time="0.236">
    <failure type="java.lang.RuntimeException" message="com.fasterxml.jackson.databind.exc.UnrecognizedPropertyException: Unrecognized field &amp;quot;error&amp;quot; (class com.example.model.ResponseItem), not marked as ignorable (5 known properties: &amp;quot;data&amp;quot;, &amp;quot;name&amp;quot;, &amp;quot;updatedAt&amp;quot;, &amp;quot;id&amp;quot;, &amp;quot;createdAt&amp;quot;])
 at [Source: (String)&amp;quot;{&amp;quot;error&amp;quot;:&amp;quot;7 is a reserved id and the data object of it cannot be overridden. You can create a new object via POST request and use new generated by id from it to send a PATCH request.&amp;quot;}&amp;quot;; line: 1, column: 11] (through reference chain: com.example.model.ResponseItem[&amp;quot;error&amp;quot;])">
      <![CDATA[java.lang.RuntimeException: com.fasterxml.jackson.databind.exc.UnrecognizedPropertyException: Unrecognized field "error" (class com.example.model.ResponseItem), not marked as ignorable (5 known properties: "data", "name", "updatedAt", "id", "createdAt"])
 at [Source: (String)"{"error":"7 is a reserved id and the data object of it cannot be overridden. You can create a new object via POST request and use new generated by id from it to send a PATCH request."}"; line: 1, column: 11] (through reference chain: com.example.model.ResponseItem["error"])
at io.restassured.internal.path.json.mapping.JsonPathJackson2ObjectDeserializer.deserialize(JsonPathJackson2ObjectDeserializer.java:30)
at io.restassured.internal.path.json.mapping.JsonObjectDeserializer.deserializeWithJackson2(JsonObjectDeserializer.java:93)
at io.restassured.internal.path.json.mapping.JsonObjectDeserializer.deserialize(JsonObjectDeserializer.java:53)
at io.restassured.path.json.JsonPath.jsonStringToObject(JsonPath.java:1093)
at io.restassured.path.json.JsonPath.getObject(JsonPath.java:560)
at restassured.ValidationTest.partiallyUpdateObjects(ValidationTest.java:221)
at java.base/java.util.ArrayList.forEach(ArrayList.java:1597)
Caused by: com.fasterxml.jackson.databind.exc.UnrecognizedPropertyException: Unrecognized field "error" (class com.example.model.ResponseItem), not marked as ignorable (5 known properties: "data", "name", "updatedAt", "id", "createdAt"])
 at [Source: (String)"{"error":"7 is a reserved id and the data object of it cannot be overridden. You can create a new object via POST request and use new generated by id from it to send a PATCH request."}"; line: 1, column: 11] (through reference chain: com.example.model.ResponseItem["error"])
at com.fasterxml.jackson.databind.exc.UnrecognizedPropertyException.from(UnrecognizedPropertyException.java:61)
at com.fasterxml.jackson.databind.DeserializationContext.handleUnknownProperty(DeserializationContext.java:1138)
at com.fasterxml.jackson.databind.deser.std.StdDeserializer.handleUnknownProperty(StdDeserializer.java:2224)
at com.fasterxml.jackson.databind.deser.BeanDeserializerBase.handleUnknownProperty(BeanDeserializerBase.java:1709)
at com.fasterxml.jackson.databind.deser.BeanDeserializerBase.handleUnknownVanilla(BeanDeserializerBase.java:1687)
at com.fasterxml.jackson.databind.deser.BeanDeserializer.vanillaDeserialize(BeanDeserializer.java:320)
at com.fasterxml.jackson.databind.deser.BeanDeserializer.deserialize(BeanDeserializer.java:177)
at com.fasterxml.jackson.databind.deser.DefaultDeserializationContext.readRootValue(DefaultDeserializationContext.java:323)
at com.fasterxml.jackson.databind.ObjectMapper._readMapAndClose(ObjectMapper.java:4825)
at com.fasterxml.jackson.databind.ObjectMapper.readValue(ObjectMapper.java:3772)
at io.restassured.internal.path.json.mapping.JsonPathJackson2ObjectDeserializer.deserialize(JsonPathJackson2ObjectDeserializer.java:28)
... 36 more
... Removed 30 stack frames]]>
    </failure>
  </testcase> <!-- partiallyUpdateObjects -->
  <testcase classname="restassured.ValidationTest" name="updateObjects" time="0.166">
    <failure type="java.lang.RuntimeException" message="com.fasterxml.jackson.databind.exc.UnrecognizedPropertyException: Unrecognized field &amp;quot;error&amp;quot; (class com.example.model.ResponseItem), not marked as ignorable (5 known properties: &amp;quot;data&amp;quot;, &amp;quot;name&amp;quot;, &amp;quot;updatedAt&amp;quot;, &amp;quot;id&amp;quot;, &amp;quot;createdAt&amp;quot;])
 at [Source: (String)&amp;quot;{&amp;quot;error&amp;quot;:&amp;quot;7 is a reserved id and the data object of it cannot be overridden. You can create a new object via POST request and use new generated by id from it to send a PUT request.&amp;quot;}&amp;quot;; line: 1, column: 11] (through reference chain: com.example.model.ResponseItem[&amp;quot;error&amp;quot;])">
      <![CDATA[java.lang.RuntimeException: com.fasterxml.jackson.databind.exc.UnrecognizedPropertyException: Unrecognized field "error" (class com.example.model.ResponseItem), not marked as ignorable (5 known properties: "data", "name", "updatedAt", "id", "createdAt"])
 at [Source: (String)"{"error":"7 is a reserved id and the data object of it cannot be overridden. You can create a new object via POST request and use new generated by id from it to send a PUT request."}"; line: 1, column: 11] (through reference chain: com.example.model.ResponseItem["error"])
at io.restassured.internal.path.json.mapping.JsonPathJackson2ObjectDeserializer.deserialize(JsonPathJackson2ObjectDeserializer.java:30)
at io.restassured.internal.path.json.mapping.JsonObjectDeserializer.deserializeWithJackson2(JsonObjectDeserializer.java:93)
at io.restassured.internal.path.json.mapping.JsonObjectDeserializer.deserialize(JsonObjectDeserializer.java:53)
at io.restassured.path.json.JsonPath.jsonStringToObject(JsonPath.java:1093)
at io.restassured.path.json.JsonPath.getObject(JsonPath.java:560)
at restassured.ValidationTest.updateObjects(ValidationTest.java:185)
at java.base/java.util.ArrayList.forEach(ArrayList.java:1597)
Caused by: com.fasterxml.jackson.databind.exc.UnrecognizedPropertyException: Unrecognized field "error" (class com.example.model.ResponseItem), not marked as ignorable (5 known properties: "data", "name", "updatedAt", "id", "createdAt"])
 at [Source: (String)"{"error":"7 is a reserved id and the data object of it cannot be overridden. You can create a new object via POST request and use new generated by id from it to send a PUT request."}"; line: 1, column: 11] (through reference chain: com.example.model.ResponseItem["error"])
at com.fasterxml.jackson.databind.exc.UnrecognizedPropertyException.from(UnrecognizedPropertyException.java:61)
at com.fasterxml.jackson.databind.DeserializationContext.handleUnknownProperty(DeserializationContext.java:1138)
at com.fasterxml.jackson.databind.deser.std.StdDeserializer.handleUnknownProperty(StdDeserializer.java:2224)
at com.fasterxml.jackson.databind.deser.BeanDeserializerBase.handleUnknownProperty(BeanDeserializerBase.java:1709)
at com.fasterxml.jackson.databind.deser.BeanDeserializerBase.handleUnknownVanilla(BeanDeserializerBase.java:1687)
at com.fasterxml.jackson.databind.deser.BeanDeserializer.vanillaDeserialize(BeanDeserializer.java:320)
at com.fasterxml.jackson.databind.deser.BeanDeserializer.deserialize(BeanDeserializer.java:177)
at com.fasterxml.jackson.databind.deser.DefaultDeserializationContext.readRootValue(DefaultDeserializationContext.java:323)
at com.fasterxml.jackson.databind.ObjectMapper._readMapAndClose(ObjectMapper.java:4825)
at com.fasterxml.jackson.databind.ObjectMapper.readValue(ObjectMapper.java:3772)
at io.restassured.internal.path.json.mapping.JsonPathJackson2ObjectDeserializer.deserialize(JsonPathJackson2ObjectDeserializer.java:28)
... 36 more
... Removed 30 stack frames]]>
    </failure>
  </testcase> <!-- updateObjects -->
</testsuite> <!-- Surefire test -->
