<?xml version="1.0" encoding="UTF-8"?>
<testsuite xmlns:xsi="http://www.w3.org/2001/XMLSchema-instance" xsi:noNamespaceSchemaLocation="https://maven.apache.org/surefire/maven-surefire-plugin/xsd/surefire-test-report.xsd" name="scenario.RestE2ETest" time="3.568" tests="1" errors="0" skipped="0" failures="1">
  <properties>
[...]
</properties>
  <testcase name="scenarioE2E" classname="scenario.RestE2ETest" time="3.016">
    <failure message="com.fasterxml.jackson.databind.exc.UnrecognizedPropertyException: Unrecognized field &quot;timestamp&quot; (class com.example.model.ResponseItem), not marked as ignorable (5 known properties: &quot;data&quot;, &quot;name&quot;, &quot;updatedAt&quot;, &quot;id&quot;, &quot;createdAt&quot;])&#10; at [Source: (String)&quot;{&quot;timestamp&quot;:&quot;2025-02-22T05:29:22.897+00:00&quot;,&quot;status&quot;:405,&quot;error&quot;:&quot;Method Not Allowed&quot;,&quot;path&quot;:&quot;/objects/add&quot;}&quot;; line: 1, column: 15] (through reference chain: com.example.model.ResponseItem[&quot;timestamp&quot;])" type="java.lang.RuntimeException">java.lang.RuntimeException: 
com.fasterxml.jackson.databind.exc.UnrecognizedPropertyException: Unrecognized field "timestamp" (class com.example.model.ResponseItem), not marked as ignorable (5 known properties: "data", "name", "updatedAt", "id", "createdAt"])
 at [Source: (String)"{"timestamp":"2025-02-22T05:29:22.897+00:00","status":405,"error":"Method Not Allowed","path":"/objects/add"}"; line: 1, column: 15] (through reference chain: com.example.model.ResponseItem["timestamp"])
	at scenario.RestE2ETest.scenarioE2E(RestE2ETest.java:48)
Caused by: com.fasterxml.jackson.databind.exc.UnrecognizedPropertyException: 
Unrecognized field "timestamp" (class com.example.model.ResponseItem), not marked as ignorable (5 known properties: "data", "name", "updatedAt", "id", "createdAt"])
 at [Source: (String)"{"timestamp":"2025-02-22T05:29:22.897+00:00","status":405,"error":"Method Not Allowed","path":"/objects/add"}"; line: 1, column: 15] (through reference chain: com.example.model.ResponseItem["timestamp"])
	at scenario.RestE2ETest.scenarioE2E(RestE2ETest.java:48)
</failure>
    <system-out><![CDATA[Request method:	POST
Request URI:	https://api.restful-api.dev/objects/add
Proxy:			<none>
Request params:	<none>
Query params:	<none>
Form params:	<none>
Path params:	path=objects
				method=add
Headers:		Accept=*/*
				Content-Type=application/json
Cookies:		<none>
Multiparts:		<none>
Body:
{
    "name": "Test",
    "data": {
        "year": 2019,
        "price": 2049,
        "CPU model": "Intel Core i9",
        "Hard disk size": "1 TB"
    }
}
Add Objects Response: {
    "timestamp": "2025-02-22T05:29:22.897+00:00",
    "status": 405,
    "error": "Method Not Allowed",
    "path": "/objects/add"
}
]]></system-out>
    <system-err><![CDATA[SLF4J: Failed to load class "org.slf4j.impl.StaticLoggerBinder".
SLF4J: Defaulting to no-operation (NOP) logger implementation
SLF4J: See http://www.slf4j.org/codes.html#StaticLoggerBinder for further details.
]]></system-err>
  </testcase>
</testsuite>