<?xml version="1.0" encoding="UTF-8"?>
<testsuite xmlns:xsi="http://www.w3.org/2001/XMLSchema-instance" xsi:noNamespaceSchemaLocation="https://maven.apache.org/surefire/maven-surefire-plugin/xsd/surefire-test-report.xsd" name="restassured.ValidationTest" time="4.83" tests="7" errors="0" skipped="0" failures="6">
  <properties>
[...]
</properties>
  <testcase name="addObjects" classname="restassured.ValidationTest" time="2.42">
    <failure message="com.fasterxml.jackson.databind.exc.UnrecognizedPropertyException: Unrecognized field &quot;timestamp&quot; (class com.example.model.ResponseItem), not marked as ignorable (5 known properties: &quot;data&quot;, &quot;name&quot;, &quot;updatedAt&quot;, &quot;id&quot;, &quot;createdAt&quot;])&#10; at [Source: (String)&quot;{&quot;timestamp&quot;:&quot;2025-02-21T17:44:18.468+00:00&quot;,&quot;status&quot;:405,&quot;error&quot;:&quot;Method Not Allowed&quot;,&quot;path&quot;:&quot;/objects/add&quot;}&quot;; line: 1, column: 15] (through reference chain: com.example.model.ResponseItem[&quot;timestamp&quot;])" type="java.lang.RuntimeException">java.lang.RuntimeException: 
com.fasterxml.jackson.databind.exc.UnrecognizedPropertyException: Unrecognized field "timestamp" (class com.example.model.ResponseItem), not marked as ignorable (5 known properties: "data", "name", "updatedAt", "id", "createdAt"])
 at [Source: (String)"{"timestamp":"2025-02-21T17:44:18.468+00:00","status":405,"error":"Method Not Allowed","path":"/objects/add"}"; line: 1, column: 15] (through reference chain: com.example.model.ResponseItem["timestamp"])
	at restassured.ValidationTest.addObjects(ValidationTest.java:49)
Caused by: com.fasterxml.jackson.databind.exc.UnrecognizedPropertyException: 
Unrecognized field "timestamp" (class com.example.model.ResponseItem), not marked as ignorable (5 known properties: "data", "name", "updatedAt", "id", "createdAt"])
 at [Source: (String)"{"timestamp":"2025-02-21T17:44:18.468+00:00","status":405,"error":"Method Not Allowed","path":"/objects/add"}"; line: 1, column: 15] (through reference chain: com.example.model.ResponseItem["timestamp"])
	at restassured.ValidationTest.addObjects(ValidationTest.java:49)
</failure>
    <system-out><![CDATA[Request method:	POST
Request URI:	https://api.restful-api.dev/objects/add
Proxy:			<none>
Request params:	<none>
Query params:	<none>
Form params:	<none>
Path params:	path=objects
				method=add
Headers:		Accept=*/*
				Content-Type=application/json
Cookies:		<none>
Multiparts:		<none>
Body:
{
    "name": "Test",
    "data": {
        "year": 2019,
        "price": 2049,
        "CPU model": "Intel Core i9",
        "Hard disk size": "1 TB"
    }
}
Add Objects {
    "timestamp": "2025-02-21T17:44:18.468+00:00",
    "status": 405,
    "error": "Method Not Allowed",
    "path": "/objects/add"
}
]]></system-out>
    <system-err><![CDATA[SLF4J: Failed to load class "org.slf4j.impl.StaticLoggerBinder".
SLF4J: Defaulting to no-operation (NOP) logger implementation
SLF4J: See http://www.slf4j.org/codes.html#StaticLoggerBinder for further details.
]]></system-err>
  </testcase>
  <testcase name="deleteObjects" classname="restassured.ValidationTest" time="0.205">
    <failure message="com.fasterxml.jackson.databind.exc.UnrecognizedPropertyException: Unrecognized field &quot;error&quot; (class com.example.model.ResponseItem), not marked as ignorable (5 known properties: &quot;data&quot;, &quot;name&quot;, &quot;updatedAt&quot;, &quot;id&quot;, &quot;createdAt&quot;])&#10; at [Source: (String)&quot;{&quot;error&quot;:&quot;7 is a reserved id and the data object of it cannot be deleted. You can create your own new object via POST request and try to send a DELETE request with new generated object id.&quot;}&quot;; line: 1, column: 11] (through reference chain: com.example.model.ResponseItem[&quot;error&quot;])" type="java.lang.RuntimeException">java.lang.RuntimeException: 
com.fasterxml.jackson.databind.exc.UnrecognizedPropertyException: Unrecognized field "error" (class com.example.model.ResponseItem), not marked as ignorable (5 known properties: "data", "name", "updatedAt", "id", "createdAt"])
 at [Source: (String)"{"error":"7 is a reserved id and the data object of it cannot be deleted. You can create your own new object via POST request and try to send a DELETE request with new generated object id."}"; line: 1, column: 11] (through reference chain: com.example.model.ResponseItem["error"])
	at restassured.ValidationTest.deleteObjects(ValidationTest.java:244)
Caused by: com.fasterxml.jackson.databind.exc.UnrecognizedPropertyException: 
Unrecognized field "error" (class com.example.model.ResponseItem), not marked as ignorable (5 known properties: "data", "name", "updatedAt", "id", "createdAt"])
 at [Source: (String)"{"error":"7 is a reserved id and the data object of it cannot be deleted. You can create your own new object via POST request and try to send a DELETE request with new generated object id."}"; line: 1, column: 11] (through reference chain: com.example.model.ResponseItem["error"])
	at restassured.ValidationTest.deleteObjects(ValidationTest.java:244)
</failure>
    <system-out><![CDATA[Request method:	DELETE
Request URI:	https://api.restful-api.dev/objects/7
Proxy:			<none>
Request params:	<none>
Query params:	<none>
Form params:	<none>
Path params:	path=objects
				id=7
Headers:		Accept=*/*
Cookies:		<none>
Multiparts:		<none>
Body:			<none>
Delete Objects {
    "error": "7 is a reserved id and the data object of it cannot be deleted. You can create your own new object via POST request and try to send a DELETE request with new generated object id."
}
]]></system-out>
  </testcase>
  <testcase name="getAllObjects" classname="restassured.ValidationTest" time="0.215">
    <failure message="com.fasterxml.jackson.databind.exc.MismatchedInputException: Cannot deserialize value of type `com.example.model.ResponseItem` from Array value (token `JsonToken.START_ARRAY`)&#10; at [Source: (String)&quot;[{&quot;id&quot;:&quot;1&quot;,&quot;name&quot;:&quot;Google Pixel 6 Pro&quot;,&quot;data&quot;:{&quot;color&quot;:&quot;Cloudy White&quot;,&quot;capacity&quot;:&quot;128 GB&quot;}},{&quot;id&quot;:&quot;2&quot;,&quot;name&quot;:&quot;Apple iPhone 12 Mini, 256GB, Blue&quot;,&quot;data&quot;:null},{&quot;id&quot;:&quot;3&quot;,&quot;name&quot;:&quot;Apple iPhone 12 Pro Max&quot;,&quot;data&quot;:{&quot;color&quot;:&quot;Cloudy White&quot;,&quot;capacity GB&quot;:512}},{&quot;id&quot;:&quot;4&quot;,&quot;name&quot;:&quot;Apple iPhone 11, 64GB&quot;,&quot;data&quot;:{&quot;price&quot;:389.99,&quot;color&quot;:&quot;Purple&quot;}},{&quot;id&quot;:&quot;5&quot;,&quot;name&quot;:&quot;Samsung Galaxy Z Fold2&quot;,&quot;data&quot;:{&quot;price&quot;:689.99,&quot;color&quot;:&quot;Brown&quot;}},{&quot;id&quot;:&quot;6&quot;,&quot;name&quot;:&quot;Apple AirPods&quot;,&quot;data&quot;:{&quot;generation&quot;:&quot;3rd&quot;,&quot;price&quot;:120}},{&quot;id&quot;:&quot;7&quot;[truncated 739 chars]; line: 1, column: 1]" type="java.lang.RuntimeException">java.lang.RuntimeException: 
com.fasterxml.jackson.databind.exc.MismatchedInputException: Cannot deserialize value of type `com.example.model.ResponseItem` from Array value (token `JsonToken.START_ARRAY`)
 at [Source: (String)"[{"id":"1","name":"Google Pixel 6 Pro","data":{"color":"Cloudy White","capacity":"128 GB"}},{"id":"2","name":"Apple iPhone 12 Mini, 256GB, Blue","data":null},{"id":"3","name":"Apple iPhone 12 Pro Max","data":{"color":"Cloudy White","capacity GB":512}},{"id":"4","name":"Apple iPhone 11, 64GB","data":{"price":389.99,"color":"Purple"}},{"id":"5","name":"Samsung Galaxy Z Fold2","data":{"price":689.99,"color":"Brown"}},{"id":"6","name":"Apple AirPods","data":{"generation":"3rd","price":120}},{"id":"7"[truncated 739 chars]; line: 1, column: 1]
	at restassured.ValidationTest.getAllObjects(ValidationTest.java:147)
Caused by: com.fasterxml.jackson.databind.exc.MismatchedInputException: 
Cannot deserialize value of type `com.example.model.ResponseItem` from Array value (token `JsonToken.START_ARRAY`)
 at [Source: (String)"[{"id":"1","name":"Google Pixel 6 Pro","data":{"color":"Cloudy White","capacity":"128 GB"}},{"id":"2","name":"Apple iPhone 12 Mini, 256GB, Blue","data":null},{"id":"3","name":"Apple iPhone 12 Pro Max","data":{"color":"Cloudy White","capacity GB":512}},{"id":"4","name":"Apple iPhone 11, 64GB","data":{"price":389.99,"color":"Purple"}},{"id":"5","name":"Samsung Galaxy Z Fold2","data":{"price":689.99,"color":"Brown"}},{"id":"6","name":"Apple AirPods","data":{"generation":"3rd","price":120}},{"id":"7"[truncated 739 chars]; line: 1, column: 1]
	at restassured.ValidationTest.getAllObjects(ValidationTest.java:147)
</failure>
    <system-out><![CDATA[Request method:	GET
Request URI:	https://api.restful-api.dev/objects
Proxy:			<none>
Request params:	<none>
Query params:	<none>
Form params:	<none>
Path params:	<none>
Headers:		Accept=*/*
Cookies:		<none>
Multiparts:		<none>
Body:			<none>
All Objects [
    {
        "id": "1",
        "name": "Google Pixel 6 Pro",
        "data": {
            "color": "Cloudy White",
            "capacity": "128 GB"
        }
    },
    {
        "id": "2",
        "name": "Apple iPhone 12 Mini, 256GB, Blue",
        "data": null
    },
    {
        "id": "3",
        "name": "Apple iPhone 12 Pro Max",
        "data": {
            "color": "Cloudy White",
            "capacity GB": 512
        }
    },
    {
        "id": "4",
        "name": "Apple iPhone 11, 64GB",
        "data": {
            "price": 389.99,
            "color": "Purple"
        }
    },
    {
        "id": "5",
        "name": "Samsung Galaxy Z Fold2",
        "data": {
            "price": 689.99,
            "color": "Brown"
        }
    },
    {
        "id": "6",
        "name": "Apple AirPods",
        "data": {
            "generation": "3rd",
            "price": 120
        }
    },
    {
        "id": "7",
        "name": "Apple MacBook Pro 16",
        "data": {
            "year": 2019,
            "price": 1849.99,
            "CPU model": "Intel Core i9",
            "Hard disk size": "1 TB"
        }
    },
    {
        "id": "8",
        "name": "Apple Watch Series 8",
        "data": {
            "Strap Colour": "Elderberry",
            "Case Size": "41mm"
        }
    },
    {
        "id": "9",
        "name": "Beats Studio3 Wireless",
        "data": {
            "Color": "Red",
            "Description": "High-performance wireless noise cancelling headphones"
        }
    },
    {
        "id": "10",
        "name": "Apple iPad Mini 5th Gen",
        "data": {
            "Capacity": "64 GB",
            "Screen size": 7.9
        }
    },
    {
        "id": "11",
        "name": "Apple iPad Mini 5th Gen",
        "data": {
            "Capacity": "254 GB",
            "Screen size": 7.9
        }
    },
    {
        "id": "12",
        "name": "Apple iPad Air",
        "data": {
            "Generation": "4th",
            "Price": "419.99",
            "Capacity": "64 GB"
        }
    },
    {
        "id": "13",
        "name": "Apple iPad Air",
        "data": {
            "Generation": "4th",
            "Price": "519.99",
            "Capacity": "256 GB"
        }
    }
]
]]></system-out>
  </testcase>
  <testcase name="getListObjects" classname="restassured.ValidationTest" time="0.6">
    <failure message="com.fasterxml.jackson.databind.exc.UnrecognizedPropertyException: Unrecognized field &quot;Strap Colour&quot; (class com.example.model.ResponseItem$dataItem), not marked as ignorable (5 known properties: &quot;generation&quot;, &quot;price&quot;, &quot;year&quot;, &quot;Hard disk size&quot;, &quot;CPU model&quot;])&#10; at [Source: (String)&quot;{&quot;id&quot;:&quot;8&quot;,&quot;name&quot;:&quot;Apple Watch Series 8&quot;,&quot;data&quot;:{&quot;Strap Colour&quot;:&quot;Elderberry&quot;,&quot;Case Size&quot;:&quot;41mm&quot;}}&quot;; line: 1, column: 65] (through reference chain: com.example.model.ResponseItem[&quot;data&quot;]-&gt;com.example.model.ResponseItem$dataItem[&quot;Strap Colour&quot;])" type="java.lang.RuntimeException">java.lang.RuntimeException: 
com.fasterxml.jackson.databind.exc.UnrecognizedPropertyException: Unrecognized field "Strap Colour" (class com.example.model.ResponseItem$dataItem), not marked as ignorable (5 known properties: "generation", "price", "year", "Hard disk size", "CPU model"])
 at [Source: (String)"{"id":"8","name":"Apple Watch Series 8","data":{"Strap Colour":"Elderberry","Case Size":"41mm"}}"; line: 1, column: 65] (through reference chain: com.example.model.ResponseItem["data"]->com.example.model.ResponseItem$dataItem["Strap Colour"])
	at restassured.ValidationTest.getListObjects(ValidationTest.java:109)
Caused by: com.fasterxml.jackson.databind.exc.UnrecognizedPropertyException: 
Unrecognized field "Strap Colour" (class com.example.model.ResponseItem$dataItem), not marked as ignorable (5 known properties: "generation", "price", "year", "Hard disk size", "CPU model"])
 at [Source: (String)"{"id":"8","name":"Apple Watch Series 8","data":{"Strap Colour":"Elderberry","Case Size":"41mm"}}"; line: 1, column: 65] (through reference chain: com.example.model.ResponseItem["data"]->com.example.model.ResponseItem$dataItem["Strap Colour"])
	at restassured.ValidationTest.getListObjects(ValidationTest.java:109)
</failure>
    <system-out><![CDATA[Request method:	GET
Request URI:	https://api.restful-api.dev/objects/6
Proxy:			<none>
Request params:	<none>
Query params:	<none>
Form params:	<none>
Path params:	id=6
Headers:		Accept=*/*
Cookies:		<none>
Multiparts:		<none>
Body:			<none>
Object with ID 6: {
    "id": "6",
    "name": "Apple AirPods",
    "data": {
        "generation": "3rd",
        "price": 120
    }
}
Retrieved object name: Apple AirPods
Request method:	GET
Request URI:	https://api.restful-api.dev/objects/7
Proxy:			<none>
Request params:	<none>
Query params:	<none>
Form params:	<none>
Path params:	id=7
Headers:		Accept=*/*
Cookies:		<none>
Multiparts:		<none>
Body:			<none>
Object with ID 7: {
    "id": "7",
    "name": "Apple MacBook Pro 16",
    "data": {
        "year": 2019,
        "price": 1849.99,
        "CPU model": "Intel Core i9",
        "Hard disk size": "1 TB"
    }
}
Retrieved object name: Apple MacBook Pro 16
Request method:	GET
Request URI:	https://api.restful-api.dev/objects/8
Proxy:			<none>
Request params:	<none>
Query params:	<none>
Form params:	<none>
Path params:	id=8
Headers:		Accept=*/*
Cookies:		<none>
Multiparts:		<none>
Body:			<none>
Object with ID 8: {
    "id": "8",
    "name": "Apple Watch Series 8",
    "data": {
        "Strap Colour": "Elderberry",
        "Case Size": "41mm"
    }
}
]]></system-out>
  </testcase>
  <testcase name="getSingleObjects" classname="restassured.ValidationTest" time="0.192"/>
  <testcase name="partiallyUpdateObjects" classname="restassured.ValidationTest" time="0.237">
    <failure message="com.fasterxml.jackson.databind.exc.UnrecognizedPropertyException: Unrecognized field &quot;error&quot; (class com.example.model.ResponseItem), not marked as ignorable (5 known properties: &quot;data&quot;, &quot;name&quot;, &quot;updatedAt&quot;, &quot;id&quot;, &quot;createdAt&quot;])&#10; at [Source: (String)&quot;{&quot;error&quot;:&quot;7 is a reserved id and the data object of it cannot be overridden. You can create a new object via POST request and use new generated by id from it to send a PATCH request.&quot;}&quot;; line: 1, column: 11] (through reference chain: com.example.model.ResponseItem[&quot;error&quot;])" type="java.lang.RuntimeException">java.lang.RuntimeException: 
com.fasterxml.jackson.databind.exc.UnrecognizedPropertyException: Unrecognized field "error" (class com.example.model.ResponseItem), not marked as ignorable (5 known properties: "data", "name", "updatedAt", "id", "createdAt"])
 at [Source: (String)"{"error":"7 is a reserved id and the data object of it cannot be overridden. You can create a new object via POST request and use new generated by id from it to send a PATCH request."}"; line: 1, column: 11] (through reference chain: com.example.model.ResponseItem["error"])
	at restassured.ValidationTest.partiallyUpdateObjects(ValidationTest.java:221)
Caused by: com.fasterxml.jackson.databind.exc.UnrecognizedPropertyException: 
Unrecognized field "error" (class com.example.model.ResponseItem), not marked as ignorable (5 known properties: "data", "name", "updatedAt", "id", "createdAt"])
 at [Source: (String)"{"error":"7 is a reserved id and the data object of it cannot be overridden. You can create a new object via POST request and use new generated by id from it to send a PATCH request."}"; line: 1, column: 11] (through reference chain: com.example.model.ResponseItem["error"])
	at restassured.ValidationTest.partiallyUpdateObjects(ValidationTest.java:221)
</failure>
    <system-out><![CDATA[Request method:	PATCH
Request URI:	https://api.restful-api.dev/objects/7
Proxy:			<none>
Request params:	<none>
Query params:	<none>
Form params:	<none>
Path params:	path=objects
				id=7
Headers:		Accept=*/*
				Content-Type=application/json
Cookies:		<none>
Multiparts:		<none>
Body:
{
    "name": "Singkong MacBook Pro 16"
}
Partially Update Objects {
    "error": "7 is a reserved id and the data object of it cannot be overridden. You can create a new object via POST request and use new generated by id from it to send a PATCH request."
}
]]></system-out>
  </testcase>
  <testcase name="updateObjects" classname="restassured.ValidationTest" time="0.166">
    <failure message="com.fasterxml.jackson.databind.exc.UnrecognizedPropertyException: Unrecognized field &quot;error&quot; (class com.example.model.ResponseItem), not marked as ignorable (5 known properties: &quot;data&quot;, &quot;name&quot;, &quot;updatedAt&quot;, &quot;id&quot;, &quot;createdAt&quot;])&#10; at [Source: (String)&quot;{&quot;error&quot;:&quot;7 is a reserved id and the data object of it cannot be overridden. You can create a new object via POST request and use new generated by id from it to send a PUT request.&quot;}&quot;; line: 1, column: 11] (through reference chain: com.example.model.ResponseItem[&quot;error&quot;])" type="java.lang.RuntimeException">java.lang.RuntimeException: 
com.fasterxml.jackson.databind.exc.UnrecognizedPropertyException: Unrecognized field "error" (class com.example.model.ResponseItem), not marked as ignorable (5 known properties: "data", "name", "updatedAt", "id", "createdAt"])
 at [Source: (String)"{"error":"7 is a reserved id and the data object of it cannot be overridden. You can create a new object via POST request and use new generated by id from it to send a PUT request."}"; line: 1, column: 11] (through reference chain: com.example.model.ResponseItem["error"])
	at restassured.ValidationTest.updateObjects(ValidationTest.java:185)
Caused by: com.fasterxml.jackson.databind.exc.UnrecognizedPropertyException: 
Unrecognized field "error" (class com.example.model.ResponseItem), not marked as ignorable (5 known properties: "data", "name", "updatedAt", "id", "createdAt"])
 at [Source: (String)"{"error":"7 is a reserved id and the data object of it cannot be overridden. You can create a new object via POST request and use new generated by id from it to send a PUT request."}"; line: 1, column: 11] (through reference chain: com.example.model.ResponseItem["error"])
	at restassured.ValidationTest.updateObjects(ValidationTest.java:185)
</failure>
    <system-out><![CDATA[Request method:	PUT
Request URI:	https://api.restful-api.dev/objects/7
Proxy:			<none>
Request params:	<none>
Query params:	<none>
Form params:	<none>
Path params:	path=objects
				id=7
Headers:		Accept=*/*
				Content-Type=application/json
Cookies:		<none>
Multiparts:		<none>
Body:
{
    "name": "Singkong MacBook Pro 16",
    "data": {
        "year": 2219,
        "price": 1249.99,
        "CPU model": "Ontel Core i9",
        "Hard disk size": "2 TB"
    }
}
Update {
    "error": "7 is a reserved id and the data object of it cannot be overridden. You can create a new object via POST request and use new generated by id from it to send a PUT request."
}
]]></system-out>
  </testcase>
</testsuite>